[INFO ] 2022-02-07 23:44:27.926 [main] LoggerClass - Chrome Was opened successfully
[DEBUG] 2022-02-07 23:44:28.547 [main] LoggerClass - Opened First Page
[DEBUG] 2022-02-07 23:44:29.209 [main] LoggerClass - Getting Username...
[DEBUG] 2022-02-07 23:44:29.317 [main] LoggerClass - Getting Password...
[DEBUG] 2022-02-07 23:44:29.647 [main] LoggerClass - Logged in Successfully
[DEBUG] 2022-02-07 23:44:29.767 [main] LoggerClass - Added item to cart
[DEBUG] 2022-02-07 23:44:29.916 [main] LoggerClass - Added item to cart
[DEBUG] 2022-02-07 23:44:30.146 [main] LoggerClass - Cart opened
[DEBUG] 2022-02-07 23:44:30.234 [main] LoggerClass - order confirmed
[DEBUG] 2022-02-07 23:44:30.235 [main] LoggerClass - Test Case Passed
[INFO ] 2022-02-08 09:16:30.928 [main] LoggerClass - Chrome Was opened successfully
[INFO ] 2022-02-08 09:45:28.140 [main] LoggerClass - Chrome Was opened successfully
[INFO ] 2022-02-08 09:46:44.894 [main] LoggerClass - Chrome Was opened successfully
[INFO ] 2022-02-08 09:53:08.573 [main] LoggerClass - Chrome Was opened successfully
[INFO ] 2022-02-08 09:54:34.742 [main] LoggerClass - Chrome Was opened successfully
[INFO ] 2022-02-08 09:56:38.438 [main] LoggerClass - Chrome Was opened successfully
[INFO ] 2022-02-08 09:58:02.547 [main] LoggerClass - Chrome Was opened successfully
[DEBUG] 2022-02-08 09:58:03.336 [main] LoggerClass - Lifestyle Store
[INFO ] 2022-02-08 09:58:42.403 [main] LoggerClass - Chrome Was opened successfully
[DEBUG] 2022-02-08 09:58:43.238 [main] LoggerClass - http://localhost/LifestyleStore/index.php
[INFO ] 2022-02-08 09:59:54.241 [main] LoggerClass - Chrome Was opened successfully
[DEBUG] 2022-02-08 09:59:54.878 [main] LoggerClass - http://localhost/LifestyleStore/index.php
[DEBUG] 2022-02-08 09:59:57.722 [main] LoggerClass - Getting Username...
[DEBUG] 2022-02-08 09:59:57.904 [main] LoggerClass - Getting Password...
[DEBUG] 2022-02-08 09:59:59.259 [main] LoggerClass - Logged in Successfully
[INFO ] 2022-02-08 10:12:28.342 [main] LoggerClass - Chrome Was opened successfully
[INFO ] 2022-02-08 10:18:00.747 [main] LoggerClass - Chrome Was opened successfully
[DEBUG] 2022-02-08 10:18:02.196 [main] LoggerClass - username entered Successfully
[DEBUG] 2022-02-08 10:18:02.295 [main] LoggerClass - useremail entered Successfully
[DEBUG] 2022-02-08 10:18:02.395 [main] LoggerClass - password entered Successfully
[DEBUG] 2022-02-08 10:18:02.495 [main] LoggerClass - user comtact entered Successfully
[DEBUG] 2022-02-08 10:18:02.572 [main] LoggerClass - user city entered Successfully
[DEBUG] 2022-02-08 10:18:02.677 [main] LoggerClass - user address entered Successfully
[INFO ] 2022-02-08 10:18:02.855 [main] LoggerClass - User created Successfully
[INFO ] 2022-02-08 10:37:47.636 [main] LoggerClass - Chrome Was opened successfully
[DEBUG] 2022-02-08 10:37:48.448 [main] LoggerClass - username entered Successfully
[DEBUG] 2022-02-08 10:37:48.516 [main] LoggerClass - useremail entered Successfully
[DEBUG] 2022-02-08 10:37:48.579 [main] LoggerClass - password entered Successfully
[DEBUG] 2022-02-08 10:37:48.639 [main] LoggerClass - user comtact entered Successfully
[DEBUG] 2022-02-08 10:37:48.699 [main] LoggerClass - user city entered Successfully
[DEBUG] 2022-02-08 10:37:48.752 [main] LoggerClass - user address entered Successfully
[INFO ] 2022-02-08 10:37:48.836 [main] LoggerClass - User created Successfully
[INFO ] 2022-02-08 10:39:02.535 [main] LoggerClass - Chrome Was opened successfully
[DEBUG] 2022-02-08 10:39:03.006 [main] LoggerClass - http://localhost/LifestyleStore/index.php
[DEBUG] 2022-02-08 10:39:03.950 [main] LoggerClass - Getting Username...
[DEBUG] 2022-02-08 10:39:04.034 [main] LoggerClass - Getting Password...
[DEBUG] 2022-02-08 10:39:04.463 [main] LoggerClass - Logged in Successfully
[DEBUG] 2022-02-08 10:39:04.629 [main] LoggerClass - Added item to cart
[DEBUG] 2022-02-08 10:39:04.832 [main] LoggerClass - Added item to cart
[DEBUG] 2022-02-08 10:39:04.921 [main] LoggerClass - Cart opened
[DEBUG] 2022-02-08 10:39:05.028 [main] LoggerClass - order confirmed
[DEBUG] 2022-02-08 10:39:05.028 [main] LoggerClass - Test Case Passed
[INFO ] 2022-02-08 10:53:35.517 [main] LoggerClass - Chrome Was opened successfully
[DEBUG] 2022-02-08 10:53:36.044 [main] LoggerClass - http://localhost/LifestyleStore/index.php
[DEBUG] 2022-02-08 10:53:36.912 [main] LoggerClass - Getting Username...
[DEBUG] 2022-02-08 10:53:36.999 [main] LoggerClass - Getting Password...
[DEBUG] 2022-02-08 10:53:37.274 [main] LoggerClass - Logged in Successfully
[INFO ] 2022-02-08 10:53:37.493 [main] LoggerClass - Logout successful
[INFO ] 2022-02-08 11:02:34.284 [main] LoggerClass - Chrome Was opened successfully
[DEBUG] 2022-02-08 11:02:34.842 [main] LoggerClass - http://localhost/LifestyleStore/index.php
[DEBUG] 2022-02-08 11:02:35.676 [main] LoggerClass - Getting Username...
[DEBUG] 2022-02-08 11:02:35.768 [main] LoggerClass - Getting Password...
[DEBUG] 2022-02-08 11:02:36.150 [main] LoggerClass - Logged in Successfully
[INFO ] 2022-02-08 11:02:36.241 [main] LoggerClass - Logout successful
[INFO ] 2022-02-08 11:02:36.574 [main] LoggerClass - New window opened for Login
